2017-01-02 18:32:59.633  INFO 13616 --- [main] c.a.m.e.d.EmpDetailsMasterApplication    : Starting EmpDetailsMasterApplication on M5-L-2VT8102 with PID 13616 (C:\spring-boot\emp_details_master\target\classes started by mahima.agarwal in C:\spring-boot\emp_details_master)
2017-01-02 18:32:59.655  INFO 13616 --- [main] c.a.m.e.d.EmpDetailsMasterApplication    : No active profile set, falling back to default profiles: default
2017-01-02 18:33:00.418  INFO 13616 --- [main] ationConfigEmbeddedWebApplicationContext : Refreshing org.springframework.boot.context.embedded.AnnotationConfigEmbeddedWebApplicationContext@7c7b252e: startup date [Mon Jan 02 18:32:59 IST 2017]; root of context hierarchy
2017-01-02 18:33:05.734  INFO 13616 --- [main] trationDelegate$BeanPostProcessorChecker : Bean 'org.springframework.ws.config.annotation.DelegatingWsConfiguration' of type [class org.springframework.ws.config.annotation.DelegatingWsConfiguration$$EnhancerBySpringCGLIB$$f58820cf] is not eligible for getting processed by all BeanPostProcessors (for example: not eligible for auto-proxying)
2017-01-02 18:33:05.908  INFO 13616 --- [main] .w.s.a.s.AnnotationActionEndpointMapping : Supporting [WS-Addressing August 2004, WS-Addressing 1.0]
2017-01-02 18:33:06.033  INFO 13616 --- [main] trationDelegate$BeanPostProcessorChecker : Bean 'org.springframework.transaction.annotation.ProxyTransactionManagementConfiguration' of type [class org.springframework.transaction.annotation.ProxyTransactionManagementConfiguration$$EnhancerBySpringCGLIB$$50f05bd0] is not eligible for getting processed by all BeanPostProcessors (for example: not eligible for auto-proxying)
2017-01-02 18:33:07.069  INFO 13616 --- [main] s.b.c.e.t.TomcatEmbeddedServletContainer : Tomcat initialized with port(s): 8080 (http)
2017-01-02 18:33:07.088  INFO 13616 --- [main] o.apache.catalina.core.StandardService   : Starting service Tomcat
2017-01-02 18:33:07.090  INFO 13616 --- [main] org.apache.catalina.core.StandardEngine  : Starting Servlet Engine: Apache Tomcat/8.5.5
2017-01-02 18:33:07.728  INFO 13616 --- [localhost-startStop-1] o.a.c.c.C.[Tomcat].[localhost].[/]       : Initializing Spring embedded WebApplicationContext
2017-01-02 18:33:07.729  INFO 13616 --- [localhost-startStop-1] o.s.web.context.ContextLoader            : Root WebApplicationContext: initialization completed in 7749 ms
2017-01-02 18:33:08.220  INFO 13616 --- [localhost-startStop-1] o.s.b.w.servlet.ServletRegistrationBean  : Mapping servlet: 'dispatcherServlet' to [/]
2017-01-02 18:33:08.223  INFO 13616 --- [localhost-startStop-1] o.s.b.w.servlet.ServletRegistrationBean  : Mapping servlet: 'messageDispatcherServlet' to [/services/*]
2017-01-02 18:33:08.227  INFO 13616 --- [localhost-startStop-1] o.s.b.w.servlet.FilterRegistrationBean   : Mapping filter: 'characterEncodingFilter' to: [/*]
2017-01-02 18:33:08.228  INFO 13616 --- [localhost-startStop-1] o.s.b.w.servlet.FilterRegistrationBean   : Mapping filter: 'hiddenHttpMethodFilter' to: [/*]
2017-01-02 18:33:08.228  INFO 13616 --- [localhost-startStop-1] o.s.b.w.servlet.FilterRegistrationBean   : Mapping filter: 'httpPutFormContentFilter' to: [/*]
2017-01-02 18:33:08.229  INFO 13616 --- [localhost-startStop-1] o.s.b.w.servlet.FilterRegistrationBean   : Mapping filter: 'requestContextFilter' to: [/*]
2017-01-02 18:33:09.717  INFO 13616 --- [main] j.LocalContainerEntityManagerFactoryBean : Building JPA container EntityManagerFactory for persistence unit 'default'
2017-01-02 18:33:09.787  INFO 13616 --- [main] o.hibernate.jpa.internal.util.LogHelper  : HHH000204: Processing PersistenceUnitInfo [
	name: default
	...]
2017-01-02 18:33:10.641  INFO 13616 --- [main] org.hibernate.Version                    : HHH000412: Hibernate Core {5.0.11.Final}
2017-01-02 18:33:10.643  INFO 13616 --- [main] org.hibernate.cfg.Environment            : HHH000206: hibernate.properties not found
2017-01-02 18:33:10.666  INFO 13616 --- [main] org.hibernate.cfg.Environment            : HHH000021: Bytecode provider name : javassist
2017-01-02 18:33:10.970  INFO 13616 --- [main] o.hibernate.annotations.common.Version   : HCANN000001: Hibernate Commons Annotations {5.0.1.Final}
2017-01-02 18:33:11.929  INFO 13616 --- [main] org.hibernate.dialect.Dialect            : HHH000400: Using dialect: org.hibernate.dialect.H2Dialect
2017-01-02 18:33:13.604  INFO 13616 --- [main] org.hibernate.tool.hbm2ddl.SchemaExport  : HHH000227: Running hbm2ddl schema export
2017-01-02 18:33:13.638  INFO 13616 --- [main] org.hibernate.tool.hbm2ddl.SchemaExport  : HHH000230: Schema export complete
2017-01-02 18:33:13.687  INFO 13616 --- [main] j.LocalContainerEntityManagerFactoryBean : Initialized JPA EntityManagerFactory for persistence unit 'default'
2017-01-02 18:33:15.185  INFO 13616 --- [main] s.w.s.m.m.a.RequestMappingHandlerAdapter : Looking for @ControllerAdvice: org.springframework.boot.context.embedded.AnnotationConfigEmbeddedWebApplicationContext@7c7b252e: startup date [Mon Jan 02 18:32:59 IST 2017]; root of context hierarchy
2017-01-02 18:33:15.344  INFO 13616 --- [main] s.w.s.m.m.a.RequestMappingHandlerMapping : Mapped "{[/employees/{empId}],methods=[GET]}" onto public com.accenture.microservices.emp.details.data.EmployeeDetails com.accenture.microservices.emp.details.web.EmpDetailsController.getEmployeeDetails(long) throws java.lang.Exception
2017-01-02 18:33:15.345  INFO 13616 --- [main] s.w.s.m.m.a.RequestMappingHandlerMapping : Mapped "{[/employees/{empId}],methods=[DELETE]}" onto public java.lang.String com.accenture.microservices.emp.details.web.EmpDetailsController.deleteEmployee(long) throws java.lang.Exception
2017-01-02 18:33:15.346  INFO 13616 --- [main] s.w.s.m.m.a.RequestMappingHandlerMapping : Mapped "{[/employees],methods=[GET]}" onto public java.util.List<com.accenture.microservices.emp.details.data.EmployeeDetails> com.accenture.microservices.emp.details.web.EmpDetailsController.getAllEmployees() throws java.lang.Exception
2017-01-02 18:33:15.351  INFO 13616 --- [main] s.w.s.m.m.a.RequestMappingHandlerMapping : Mapped "{[/error]}" onto public org.springframework.http.ResponseEntity<java.util.Map<java.lang.String, java.lang.Object>> org.springframework.boot.autoconfigure.web.BasicErrorController.error(javax.servlet.http.HttpServletRequest)
2017-01-02 18:33:15.352  INFO 13616 --- [main] s.w.s.m.m.a.RequestMappingHandlerMapping : Mapped "{[/error],produces=[text/html]}" onto public org.springframework.web.servlet.ModelAndView org.springframework.boot.autoconfigure.web.BasicErrorController.errorHtml(javax.servlet.http.HttpServletRequest,javax.servlet.http.HttpServletResponse)
2017-01-02 18:33:15.426  INFO 13616 --- [main] o.s.w.s.handler.SimpleUrlHandlerMapping  : Mapped URL path [/webjars/**] onto handler of type [class org.springframework.web.servlet.resource.ResourceHttpRequestHandler]
2017-01-02 18:33:15.426  INFO 13616 --- [main] o.s.w.s.handler.SimpleUrlHandlerMapping  : Mapped URL path [/**] onto handler of type [class org.springframework.web.servlet.resource.ResourceHttpRequestHandler]
2017-01-02 18:33:15.499  INFO 13616 --- [main] o.s.w.s.handler.SimpleUrlHandlerMapping  : Mapped URL path [/**/favicon.ico] onto handler of type [class org.springframework.web.servlet.resource.ResourceHttpRequestHandler]
2017-01-02 18:33:16.196  INFO 13616 --- [main] o.s.j.e.a.AnnotationMBeanExporter        : Registering beans for JMX exposure on startup
2017-01-02 18:33:16.448  INFO 13616 --- [main] s.b.c.e.t.TomcatEmbeddedServletContainer : Tomcat started on port(s): 8080 (http)
2017-01-02 18:33:16.720  INFO 13616 --- [main] c.a.m.e.d.EmpDetailsMasterApplication    : Employees
2017-01-02 18:33:16.776  INFO 13616 --- [main] o.h.h.i.QueryTranslatorFactoryInitiator  : HHH000397: Using ASTQueryTranslatorFactory
2017-01-02 18:33:17.159  INFO 13616 --- [main] c.a.m.e.d.EmpDetailsMasterApplication    : Employee[id=1, firstName='Jakie', lastName='Ezu', age=21, address='bangalore', email='jakie.ezu@gmail.com', employeeId=1233]
2017-01-02 18:33:17.160  INFO 13616 --- [main] c.a.m.e.d.EmpDetailsMasterApplication    : Employee[id=2, firstName='Ann', lastName='Jee', age=34, address='Chennai', email='ann.jeeu@gmail.com', employeeId=1234]
2017-01-02 18:33:17.161  INFO 13616 --- [main] c.a.m.e.d.EmpDetailsMasterApplication    : Employee[id=3, firstName='Bann', lastName='Hee', age=36, address='Hydrabad', email='bann.hee@gmail.com', employeeId=1235]
2017-01-02 18:33:17.162  INFO 13616 --- [main] c.a.m.e.d.EmpDetailsMasterApplication    : Employee[id=4, firstName='Cann', lastName='lee', age=25, address='Mumbai', email='cann.lee@gmail.com', employeeId=1245]
2017-01-02 18:33:17.162  INFO 13616 --- [main] c.a.m.e.d.EmpDetailsMasterApplication    : Employee[id=5, firstName='Dann', lastName='lee', age=28, address='Delhi', email='dann.lee@gmail.com', employeeId=1246]
2017-01-02 18:33:17.162  INFO 13616 --- [main] c.a.m.e.d.EmpDetailsMasterApplication    : Employee[id=6, firstName='Kann', lastName='Mde', age=45, address='Kolkata', email='kann.mde@gmail.com', employeeId=1247]
2017-01-02 18:33:17.163  INFO 13616 --- [main] c.a.m.e.d.EmpDetailsMasterApplication    : Employee[id=7, firstName='Zann', lastName='Nke', age=53, address='Cochin', email='zann.nke@gmail.com', employeeId=1248]
2017-01-02 18:33:17.164  INFO 13616 --- [main] c.a.m.e.d.EmpDetailsMasterApplication    : Started EmpDetailsMasterApplication in 19.427 seconds (JVM running for 23.467)
2017-01-02 18:33:43.847  INFO 13616 --- [http-nio-8080-exec-1] o.a.c.c.C.[Tomcat].[localhost].[/]       : Initializing Spring FrameworkServlet 'dispatcherServlet'
2017-01-02 18:33:43.847  INFO 13616 --- [http-nio-8080-exec-1] o.s.web.servlet.DispatcherServlet        : FrameworkServlet 'dispatcherServlet': initialization started
2017-01-02 18:33:43.903  INFO 13616 --- [http-nio-8080-exec-1] o.s.web.servlet.DispatcherServlet        : FrameworkServlet 'dispatcherServlet': initialization completed in 56 ms
2017-01-02 18:33:43.959  INFO 13616 --- [http-nio-8080-exec-1] c.a.m.e.d.web.EmpDetailsController       : EmpDetailsController path variable: Employee ID 1233
2017-01-02 18:33:43.960  INFO 13616 --- [http-nio-8080-exec-1] c.a.m.e.d.service.EmpDetailsService      : EmpDetailsService getEmployeeDetails: Employee ID 1233
2017-01-02 18:33:43.960  INFO 13616 --- [http-nio-8080-exec-1] c.a.m.e.d.d.s.EmpDetailsDataService      : EmpDetailsDataService getEmployeeDetails Employee ID passed: 1233
2017-01-02 18:33:44.072  INFO 13616 --- [http-nio-8080-exec-1] c.a.m.e.d.d.s.EmpDetailsDataService      : EmpDetailsDataService getEmployeeDetails Employee Details:null
2017-01-02 18:33:50.327  INFO 13616 --- [http-nio-8080-exec-2] c.a.m.e.d.web.EmpDetailsController       : EmpDetailsController path variable: Employee ID 1
2017-01-02 18:33:50.327  INFO 13616 --- [http-nio-8080-exec-2] c.a.m.e.d.service.EmpDetailsService      : EmpDetailsService getEmployeeDetails: Employee ID 1
2017-01-02 18:33:50.327  INFO 13616 --- [http-nio-8080-exec-2] c.a.m.e.d.d.s.EmpDetailsDataService      : EmpDetailsDataService getEmployeeDetails Employee ID passed: 1
2017-01-02 18:33:50.335  INFO 13616 --- [http-nio-8080-exec-2] c.a.m.e.d.d.s.EmpDetailsDataService      : EmpDetailsDataService getEmployeeDetails Employee Details:Employee[id=1, firstName='Jakie', lastName='Ezu', age=21, address='bangalore', email='jakie.ezu@gmail.com', employeeId=1233]
2017-01-02 18:33:50.336  INFO 13616 --- [http-nio-8080-exec-2] c.a.m.e.d.web.EmpDetailsController       : EmpDetailsController getEmployeeDetails resultEmployee[id=1, firstName='Jakie', lastName='Ezu', age=21, address='bangalore', email='jakie.ezu@gmail.com', employeeId=1233]
